# CMAKE generated file: DO NOT EDIT!
# Generated by "Ninja" Generator, CMake Version 3.30

# This file contains all the build statements describing the
# compilation DAG.

# =============================================================================
# Write statements declared in CMakeLists.txt:
# 
# Which is the root file.
# =============================================================================

# =============================================================================
# Project: utf8proc
# Configurations: Debug
# =============================================================================

#############################################
# Minimal version of Ninja required by this file

ninja_required_version = 1.5


#############################################
# Set configuration variable for custom commands.

CONFIGURATION = Debug
# =============================================================================
# Include auxiliary files.


#############################################
# Include rules file.

include CMakeFiles\rules.ninja

# =============================================================================

#############################################
# Logical path to working directory; prefix for absolute paths.

cmake_ninja_workdir = C$:\ASCIIproject\ASC11\vcpkg_installed\vcpkg\blds\utf8proc\x64-windows-dbg\
# =============================================================================
# Object build statements for SHARED_LIBRARY target utf8proc


#############################################
# Order-only phony target for utf8proc

build cmake_object_order_depends_target_utf8proc: phony || .

build CMakeFiles\utf8proc.dir\utf8proc.c.obj: C_COMPILER__utf8proc_unscanned_Debug C$:\ASCIIproject\ASC11\vcpkg_installed\vcpkg\blds\utf8proc\src\v2.11.2-a34d266797.clean\utf8proc.c || cmake_object_order_depends_target_utf8proc
  DEFINES = -DUTF8PROC_EXPORTS -Dutf8proc_EXPORTS
  FLAGS = /nologo /DWIN32 /D_WINDOWS /utf-8 /MP  /MDd /Z7 /Ob0 /Od /RTC1
  INCLUDES = -IC:\ASCIIproject\ASC11\vcpkg_installed\vcpkg\blds\utf8proc\src\v2.11.2-a34d266797.clean
  OBJECT_DIR = CMakeFiles\utf8proc.dir
  OBJECT_FILE_DIR = CMakeFiles\utf8proc.dir
  TARGET_COMPILE_PDB = CMakeFiles\utf8proc.dir\
  TARGET_PDB = utf8proc.pdb


# =============================================================================
# Link build statements for SHARED_LIBRARY target utf8proc


#############################################
# Link the shared library utf8proc.dll

build utf8proc.dll utf8proc.lib: C_SHARED_LIBRARY_LINKER__utf8proc_Debug CMakeFiles\utf8proc.dir\utf8proc.c.obj
  LANGUAGE_COMPILE_FLAGS = /nologo /DWIN32 /D_WINDOWS /utf-8 /MP  /MDd /Z7 /Ob0 /Od /RTC1
  LINK_FLAGS = /machine:x64 /nologo    /debug /INCREMENTAL
  LINK_LIBRARIES = kernel32.lib user32.lib gdi32.lib winspool.lib shell32.lib ole32.lib oleaut32.lib uuid.lib comdlg32.lib advapi32.lib
  OBJECT_DIR = CMakeFiles\utf8proc.dir
  POST_BUILD = cd .
  PRE_LINK = cd .
  RESTAT = 1
  TARGET_COMPILE_PDB = CMakeFiles\utf8proc.dir\
  TARGET_FILE = utf8proc.dll
  TARGET_IMPLIB = utf8proc.lib
  TARGET_PDB = utf8proc.pdb


#############################################
# Utility command for edit_cache

build CMakeFiles\edit_cache.util: CUSTOM_COMMAND
  COMMAND = C:\WINDOWS\system32\cmd.exe /C "cd /D C:\ASCIIproject\ASC11\vcpkg_installed\vcpkg\blds\utf8proc\x64-windows-dbg && C:\Users\GREEN\AppData\Local\vcpkg\downloads\tools\cmake-3.30.1-windows\cmake-3.30.1-windows-i386\bin\cmake-gui.exe -SC:\ASCIIproject\ASC11\vcpkg_installed\vcpkg\blds\utf8proc\src\v2.11.2-a34d266797.clean -BC:\ASCIIproject\ASC11\vcpkg_installed\vcpkg\blds\utf8proc\x64-windows-dbg"
  DESC = Running CMake cache editor...
  pool = console
  restat = 1

build edit_cache: phony CMakeFiles\edit_cache.util


#############################################
# Utility command for rebuild_cache

build CMakeFiles\rebuild_cache.util: CUSTOM_COMMAND
  COMMAND = C:\WINDOWS\system32\cmd.exe /C "cd /D C:\ASCIIproject\ASC11\vcpkg_installed\vcpkg\blds\utf8proc\x64-windows-dbg && C:\Users\GREEN\AppData\Local\vcpkg\downloads\tools\cmake-3.30.1-windows\cmake-3.30.1-windows-i386\bin\cmake.exe --regenerate-during-build -SC:\ASCIIproject\ASC11\vcpkg_installed\vcpkg\blds\utf8proc\src\v2.11.2-a34d266797.clean -BC:\ASCIIproject\ASC11\vcpkg_installed\vcpkg\blds\utf8proc\x64-windows-dbg"
  DESC = Running CMake to regenerate build system...
  pool = console
  restat = 1

build rebuild_cache: phony CMakeFiles\rebuild_cache.util


#############################################
# Utility command for list_install_components

build list_install_components: phony


#############################################
# Utility command for install

build CMakeFiles\install.util: CUSTOM_COMMAND all
  COMMAND = C:\WINDOWS\system32\cmd.exe /C "cd /D C:\ASCIIproject\ASC11\vcpkg_installed\vcpkg\blds\utf8proc\x64-windows-dbg && C:\Users\GREEN\AppData\Local\vcpkg\downloads\tools\cmake-3.30.1-windows\cmake-3.30.1-windows-i386\bin\cmake.exe -P cmake_install.cmake"
  DESC = Install the project...
  pool = console
  restat = 1

build install: phony CMakeFiles\install.util


#############################################
# Utility command for install/local

build CMakeFiles\install\local.util: CUSTOM_COMMAND all
  COMMAND = C:\WINDOWS\system32\cmd.exe /C "cd /D C:\ASCIIproject\ASC11\vcpkg_installed\vcpkg\blds\utf8proc\x64-windows-dbg && C:\Users\GREEN\AppData\Local\vcpkg\downloads\tools\cmake-3.30.1-windows\cmake-3.30.1-windows-i386\bin\cmake.exe -DCMAKE_INSTALL_LOCAL_ONLY=1 -P cmake_install.cmake"
  DESC = Installing only the local directory...
  pool = console
  restat = 1

build install\local: phony CMakeFiles\install\local.util

# =============================================================================
# Target aliases.

build utf8proc: phony utf8proc.dll

# =============================================================================
# Folder targets.

# =============================================================================

#############################################
# Folder: C:/ASCIIproject/ASC11/vcpkg_installed/vcpkg/blds/utf8proc/x64-windows-dbg

build all: phony utf8proc.dll

# =============================================================================
# Built-in targets


#############################################
# Re-run CMake if any of its inputs changed.

build build.ninja: RERUN_CMAKE | C$:\ASCIIproject\ASC11\vcpkg_installed\vcpkg\blds\utf8proc\src\v2.11.2-a34d266797.clean\CMakeLists.txt C$:\ASCIIproject\ASC11\vcpkg_installed\vcpkg\blds\utf8proc\src\v2.11.2-a34d266797.clean\cmake\utf8proc-config.cmake.in C$:\ASCIIproject\ASC11\vcpkg_installed\vcpkg\blds\utf8proc\src\v2.11.2-a34d266797.clean\libutf8proc.pc.cmakein C$:\ASCIIproject\ASC11\vcpkg_installed\vcpkg\blds\utf8proc\src\v2.11.2-a34d266797.clean\utils.cmake C$:\Program$ Files\Microsoft$ Visual$ Studio\2022\Community\VC\vcpkg\scripts\buildsystems\vcpkg.cmake C$:\Program$ Files\Microsoft$ Visual$ Studio\2022\Community\VC\vcpkg\scripts\toolchains\windows.cmake C$:\Users\GREEN\AppData\Local\vcpkg\downloads\tools\cmake-3.30.1-windows\cmake-3.30.1-windows-i386\share\cmake-3.30\Modules\BasicConfigVersion-SameMajorVersion.cmake.in C$:\Users\GREEN\AppData\Local\vcpkg\downloads\tools\cmake-3.30.1-windows\cmake-3.30.1-windows-i386\share\cmake-3.30\Modules\CMakeCCompiler.cmake.in C$:\Users\GREEN\AppData\Local\vcpkg\downloads\tools\cmake-3.30.1-windows\cmake-3.30.1-windows-i386\share\cmake-3.30\Modules\CMakeCCompilerABI.c C$:\Users\GREEN\AppData\Local\vcpkg\downloads\tools\cmake-3.30.1-windows\cmake-3.30.1-windows-i386\share\cmake-3.30\Modules\CMakeCInformation.cmake C$:\Users\GREEN\AppData\Local\vcpkg\downloads\tools\cmake-3.30.1-windows\cmake-3.30.1-windows-i386\share\cmake-3.30\Modules\CMakeCommonLanguageInclude.cmake C$:\Users\GREEN\AppData\Local\vcpkg\downloads\tools\cmake-3.30.1-windows\cmake-3.30.1-windows-i386\share\cmake-3.30\Modules\CMakeCompilerIdDetection.cmake C$:\Users\GREEN\AppData\Local\vcpkg\downloads\tools\cmake-3.30.1-windows\cmake-3.30.1-windows-i386\share\cmake-3.30\Modules\CMakeDependentOption.cmake C$:\Users\GREEN\AppData\Local\vcpkg\downloads\tools\cmake-3.30.1-windows\cmake-3.30.1-windows-i386\share\cmake-3.30\Modules\CMakeDetermineCCompiler.cmake C$:\Users\GREEN\AppData\Local\vcpkg\downloads\tools\cmake-3.30.1-windows\cmake-3.30.1-windows-i386\share\cmake-3.30\Modules\CMakeDetermineCompiler.cmake C$:\Users\GREEN\AppData\Local\vcpkg\downloads\tools\cmake-3.30.1-windows\cmake-3.30.1-windows-i386\share\cmake-3.30\Modules\CMakeDetermineCompilerABI.cmake C$:\Users\GREEN\AppData\Local\vcpkg\downloads\tools\cmake-3.30.1-windows\cmake-3.30.1-windows-i386\share\cmake-3.30\Modules\CMakeDetermineCompilerId.cmake C$:\Users\GREEN\AppData\Local\vcpkg\downloads\tools\cmake-3.30.1-windows\cmake-3.30.1-windows-i386\share\cmake-3.30\Modules\CMakeDetermineCompilerSupport.cmake C$:\Users\GREEN\AppData\Local\vcpkg\downloads\tools\cmake-3.30.1-windows\cmake-3.30.1-windows-i386\share\cmake-3.30\Modules\CMakeDetermineRCCompiler.cmake C$:\Users\GREEN\AppData\Local\vcpkg\downloads\tools\cmake-3.30.1-windows\cmake-3.30.1-windows-i386\share\cmake-3.30\Modules\CMakeDetermineSystem.cmake C$:\Users\GREEN\AppData\Local\vcpkg\downloads\tools\cmake-3.30.1-windows\cmake-3.30.1-windows-i386\share\cmake-3.30\Modules\CMakeFindBinUtils.cmake C$:\Users\GREEN\AppData\Local\vcpkg\downloads\tools\cmake-3.30.1-windows\cmake-3.30.1-windows-i386\share\cmake-3.30\Modules\CMakeGenericSystem.cmake C$:\Users\GREEN\AppData\Local\vcpkg\downloads\tools\cmake-3.30.1-windows\cmake-3.30.1-windows-i386\share\cmake-3.30\Modules\CMakeInitializeConfigs.cmake C$:\Users\GREEN\AppData\Local\vcpkg\downloads\tools\cmake-3.30.1-windows\cmake-3.30.1-windows-i386\share\cmake-3.30\Modules\CMakeLanguageInformation.cmake C$:\Users\GREEN\AppData\Local\vcpkg\downloads\tools\cmake-3.30.1-windows\cmake-3.30.1-windows-i386\share\cmake-3.30\Modules\CMakePackageConfigHelpers.cmake C$:\Users\GREEN\AppData\Local\vcpkg\downloads\tools\cmake-3.30.1-windows\cmake-3.30.1-windows-i386\share\cmake-3.30\Modules\CMakeParseImplicitIncludeInfo.cmake C$:\Users\GREEN\AppData\Local\vcpkg\downloads\tools\cmake-3.30.1-windows\cmake-3.30.1-windows-i386\share\cmake-3.30\Modules\CMakeParseImplicitLinkInfo.cmake C$:\Users\GREEN\AppData\Local\vcpkg\downloads\tools\cmake-3.30.1-windows\cmake-3.30.1-windows-i386\share\cmake-3.30\Modules\CMakeParseLibraryArchitecture.cmake C$:\Users\GREEN\AppData\Local\vcpkg\downloads\tools\cmake-3.30.1-windows\cmake-3.30.1-windows-i386\share\cmake-3.30\Modules\CMakeRCCompiler.cmake.in C$:\Users\GREEN\AppData\Local\vcpkg\downloads\tools\cmake-3.30.1-windows\cmake-3.30.1-windows-i386\share\cmake-3.30\Modules\CMakeRCInformation.cmake C$:\Users\GREEN\AppData\Local\vcpkg\downloads\tools\cmake-3.30.1-windows\cmake-3.30.1-windows-i386\share\cmake-3.30\Modules\CMakeSystem.cmake.in C$:\Users\GREEN\AppData\Local\vcpkg\downloads\tools\cmake-3.30.1-windows\cmake-3.30.1-windows-i386\share\cmake-3.30\Modules\CMakeSystemSpecificInformation.cmake C$:\Users\GREEN\AppData\Local\vcpkg\downloads\tools\cmake-3.30.1-windows\cmake-3.30.1-windows-i386\share\cmake-3.30\Modules\CMakeSystemSpecificInitialize.cmake C$:\Users\GREEN\AppData\Local\vcpkg\downloads\tools\cmake-3.30.1-windows\cmake-3.30.1-windows-i386\share\cmake-3.30\Modules\CMakeTestCCompiler.cmake C$:\Users\GREEN\AppData\Local\vcpkg\downloads\tools\cmake-3.30.1-windows\cmake-3.30.1-windows-i386\share\cmake-3.30\Modules\CMakeTestCompilerCommon.cmake C$:\Users\GREEN\AppData\Local\vcpkg\downloads\tools\cmake-3.30.1-windows\cmake-3.30.1-windows-i386\share\cmake-3.30\Modules\CMakeTestRCCompiler.cmake C$:\Users\GREEN\AppData\Local\vcpkg\downloads\tools\cmake-3.30.1-windows\cmake-3.30.1-windows-i386\share\cmake-3.30\Modules\Compiler\ADSP-DetermineCompiler.cmake C$:\Users\GREEN\AppData\Local\vcpkg\downloads\tools\cmake-3.30.1-windows\cmake-3.30.1-windows-i386\share\cmake-3.30\Modules\Compiler\ARMCC-DetermineCompiler.cmake C$:\Users\GREEN\AppData\Local\vcpkg\downloads\tools\cmake-3.30.1-windows\cmake-3.30.1-windows-i386\share\cmake-3.30\Modules\Compiler\ARMClang-DetermineCompiler.cmake C$:\Users\GREEN\AppData\Local\vcpkg\downloads\tools\cmake-3.30.1-windows\cmake-3.30.1-windows-i386\share\cmake-3.30\Modules\Compiler\AppleClang-DetermineCompiler.cmake C$:\Users\GREEN\AppData\Local\vcpkg\downloads\tools\cmake-3.30.1-windows\cmake-3.30.1-windows-i386\share\cmake-3.30\Modules\Compiler\Borland-DetermineCompiler.cmake C$:\Users\GREEN\AppData\Local\vcpkg\downloads\tools\cmake-3.30.1-windows\cmake-3.30.1-windows-i386\share\cmake-3.30\Modules\Compiler\Bruce-C-DetermineCompiler.cmake C$:\Users\GREEN\AppData\Local\vcpkg\downloads\tools\cmake-3.30.1-windows\cmake-3.30.1-windows-i386\share\cmake-3.30\Modules\Compiler\CMakeCommonCompilerMacros.cmake C$:\Users\GREEN\AppData\Local\vcpkg\downloads\tools\cmake-3.30.1-windows\cmake-3.30.1-windows-i386\share\cmake-3.30\Modules\Compiler\Clang-DetermineCompiler.cmake C$:\Users\GREEN\AppData\Local\vcpkg\downloads\tools\cmake-3.30.1-windows\cmake-3.30.1-windows-i386\share\cmake-3.30\Modules\Compiler\Clang-DetermineCompilerInternal.cmake C$:\Users\GREEN\AppData\Local\vcpkg\downloads\tools\cmake-3.30.1-windows\cmake-3.30.1-windows-i386\share\cmake-3.30\Modules\Compiler\Compaq-C-DetermineCompiler.cmake C$:\Users\GREEN\AppData\Local\vcpkg\downloads\tools\cmake-3.30.1-windows\cmake-3.30.1-windows-i386\share\cmake-3.30\Modules\Compiler\Cray-DetermineCompiler.cmake C$:\Users\GREEN\AppData\Local\vcpkg\downloads\tools\cmake-3.30.1-windows\cmake-3.30.1-windows-i386\share\cmake-3.30\Modules\Compiler\CrayClang-DetermineCompiler.cmake C$:\Users\GREEN\AppData\Local\vcpkg\downloads\tools\cmake-3.30.1-windows\cmake-3.30.1-windows-i386\share\cmake-3.30\Modules\Compiler\Embarcadero-DetermineCompiler.cmake C$:\Users\GREEN\AppData\Local\vcpkg\downloads\tools\cmake-3.30.1-windows\cmake-3.30.1-windows-i386\share\cmake-3.30\Modules\Compiler\Fujitsu-DetermineCompiler.cmake C$:\Users\GREEN\AppData\Local\vcpkg\downloads\tools\cmake-3.30.1-windows\cmake-3.30.1-windows-i386\share\cmake-3.30\Modules\Compiler\FujitsuClang-DetermineCompiler.cmake C$:\Users\GREEN\AppData\Local\vcpkg\downloads\tools\cmake-3.30.1-windows\cmake-3.30.1-windows-i386\share\cmake-3.30\Modules\Compiler\GHS-DetermineCompiler.cmake C$:\Users\GREEN\AppData\Local\vcpkg\downloads\tools\cmake-3.30.1-windows\cmake-3.30.1-windows-i386\share\cmake-3.30\Modules\Compiler\GNU-C-DetermineCompiler.cmake C$:\Users\GREEN\AppData\Local\vcpkg\downloads\tools\cmake-3.30.1-windows\cmake-3.30.1-windows-i386\share\cmake-3.30\Modules\Compiler\HP-C-DetermineCompiler.cmake C$:\Users\GREEN\AppData\Local\vcpkg\downloads\tools\cmake-3.30.1-windows\cmake-3.30.1-windows-i386\share\cmake-3.30\Modules\Compiler\IAR-DetermineCompiler.cmake C$:\Users\GREEN\AppData\Local\vcpkg\downloads\tools\cmake-3.30.1-windows\cmake-3.30.1-windows-i386\share\cmake-3.30\Modules\Compiler\IBMCPP-C-DetermineVersionInternal.cmake C$:\Users\GREEN\AppData\Local\vcpkg\downloads\tools\cmake-3.30.1-windows\cmake-3.30.1-windows-i386\share\cmake-3.30\Modules\Compiler\IBMClang-C-DetermineCompiler.cmake C$:\Users\GREEN\AppData\Local\vcpkg\downloads\tools\cmake-3.30.1-windows\cmake-3.30.1-windows-i386\share\cmake-3.30\Modules\Compiler\Intel-DetermineCompiler.cmake C$:\Users\GREEN\AppData\Local\vcpkg\downloads\tools\cmake-3.30.1-windows\cmake-3.30.1-windows-i386\share\cmake-3.30\Modules\Compiler\IntelLLVM-DetermineCompiler.cmake C$:\Users\GREEN\AppData\Local\vcpkg\downloads\tools\cmake-3.30.1-windows\cmake-3.30.1-windows-i386\share\cmake-3.30\Modules\Compiler\LCC-C-DetermineCompiler.cmake C$:\Users\GREEN\AppData\Local\vcpkg\downloads\tools\cmake-3.30.1-windows\cmake-3.30.1-windows-i386\share\cmake-3.30\Modules\Compiler\MSVC-C.cmake C$:\Users\GREEN\AppData\Local\vcpkg\downloads\tools\cmake-3.30.1-windows\cmake-3.30.1-windows-i386\share\cmake-3.30\Modules\Compiler\MSVC-DetermineCompiler.cmake C$:\Users\GREEN\AppData\Local\vcpkg\downloads\tools\cmake-3.30.1-windows\cmake-3.30.1-windows-i386\share\cmake-3.30\Modules\Compiler\MSVC.cmake C$:\Users\GREEN\AppData\Local\vcpkg\downloads\tools\cmake-3.30.1-windows\cmake-3.30.1-windows-i386\share\cmake-3.30\Modules\Compiler\NVHPC-DetermineCompiler.cmake C$:\Users\GREEN\AppData\Local\vcpkg\downloads\tools\cmake-3.30.1-windows\cmake-3.30.1-windows-i386\share\cmake-3.30\Modules\Compiler\NVIDIA-DetermineCompiler.cmake C$:\Users\GREEN\AppData\Local\vcpkg\downloads\tools\cmake-3.30.1-windows\cmake-3.30.1-windows-i386\share\cmake-3.30\Modules\Compiler\OpenWatcom-DetermineCompiler.cmake C$:\Users\GREEN\AppData\Local\vcpkg\downloads\tools\cmake-3.30.1-windows\cmake-3.30.1-windows-i386\share\cmake-3.30\Modules\Compiler\OrangeC-DetermineCompiler.cmake C$:\Users\GREEN\AppData\Local\vcpkg\downloads\tools\cmake-3.30.1-windows\cmake-3.30.1-windows-i386\share\cmake-3.30\Modules\Compiler\PGI-DetermineCompiler.cmake C$:\Users\GREEN\AppData\Local\vcpkg\downloads\tools\cmake-3.30.1-windows\cmake-3.30.1-windows-i386\share\cmake-3.30\Modules\Compiler\PathScale-DetermineCompiler.cmake C$:\Users\GREEN\AppData\Local\vcpkg\downloads\tools\cmake-3.30.1-windows\cmake-3.30.1-windows-i386\share\cmake-3.30\Modules\Compiler\SCO-DetermineCompiler.cmake C$:\Users\GREEN\AppData\Local\vcpkg\downloads\tools\cmake-3.30.1-windows\cmake-3.30.1-windows-i386\share\cmake-3.30\Modules\Compiler\SDCC-C-DetermineCompiler.cmake C$:\Users\GREEN\AppData\Local\vcpkg\downloads\tools\cmake-3.30.1-windows\cmake-3.30.1-windows-i386\share\cmake-3.30\Modules\Compiler\SunPro-C-DetermineCompiler.cmake C$:\Users\GREEN\AppData\Local\vcpkg\downloads\tools\cmake-3.30.1-windows\cmake-3.30.1-windows-i386\share\cmake-3.30\Modules\Compiler\TI-DetermineCompiler.cmake C$:\Users\GREEN\AppData\Local\vcpkg\downloads\tools\cmake-3.30.1-windows\cmake-3.30.1-windows-i386\share\cmake-3.30\Modules\Compiler\TIClang-DetermineCompiler.cmake C$:\Users\GREEN\AppData\Local\vcpkg\downloads\tools\cmake-3.30.1-windows\cmake-3.30.1-windows-i386\share\cmake-3.30\Modules\Compiler\Tasking-DetermineCompiler.cmake C$:\Users\GREEN\AppData\Local\vcpkg\downloads\tools\cmake-3.30.1-windows\cmake-3.30.1-windows-i386\share\cmake-3.30\Modules\Compiler\TinyCC-C-DetermineCompiler.cmake C$:\Users\GREEN\AppData\Local\vcpkg\downloads\tools\cmake-3.30.1-windows\cmake-3.30.1-windows-i386\share\cmake-3.30\Modules\Compiler\VisualAge-C-DetermineCompiler.cmake C$:\Users\GREEN\AppData\Local\vcpkg\downloads\tools\cmake-3.30.1-windows\cmake-3.30.1-windows-i386\share\cmake-3.30\Modules\Compiler\Watcom-DetermineCompiler.cmake C$:\Users\GREEN\AppData\Local\vcpkg\downloads\tools\cmake-3.30.1-windows\cmake-3.30.1-windows-i386\share\cmake-3.30\Modules\Compiler\XL-C-DetermineCompiler.cmake C$:\Users\GREEN\AppData\Local\vcpkg\downloads\tools\cmake-3.30.1-windows\cmake-3.30.1-windows-i386\share\cmake-3.30\Modules\Compiler\XLClang-C-DetermineCompiler.cmake C$:\Users\GREEN\AppData\Local\vcpkg\downloads\tools\cmake-3.30.1-windows\cmake-3.30.1-windows-i386\share\cmake-3.30\Modules\Compiler\zOS-C-DetermineCompiler.cmake C$:\Users\GREEN\AppData\Local\vcpkg\downloads\tools\cmake-3.30.1-windows\cmake-3.30.1-windows-i386\share\cmake-3.30\Modules\GNUInstallDirs.cmake C$:\Users\GREEN\AppData\Local\vcpkg\downloads\tools\cmake-3.30.1-windows\cmake-3.30.1-windows-i386\share\cmake-3.30\Modules\Internal\CMakeDetermineLinkerId.cmake C$:\Users\GREEN\AppData\Local\vcpkg\downloads\tools\cmake-3.30.1-windows\cmake-3.30.1-windows-i386\share\cmake-3.30\Modules\Internal\FeatureTesting.cmake C$:\Users\GREEN\AppData\Local\vcpkg\downloads\tools\cmake-3.30.1-windows\cmake-3.30.1-windows-i386\share\cmake-3.30\Modules\Platform\Windows-Initialize.cmake C$:\Users\GREEN\AppData\Local\vcpkg\downloads\tools\cmake-3.30.1-windows\cmake-3.30.1-windows-i386\share\cmake-3.30\Modules\Platform\Windows-MSVC-C.cmake C$:\Users\GREEN\AppData\Local\vcpkg\downloads\tools\cmake-3.30.1-windows\cmake-3.30.1-windows-i386\share\cmake-3.30\Modules\Platform\Windows-MSVC.cmake C$:\Users\GREEN\AppData\Local\vcpkg\downloads\tools\cmake-3.30.1-windows\cmake-3.30.1-windows-i386\share\cmake-3.30\Modules\Platform\Windows.cmake C$:\Users\GREEN\AppData\Local\vcpkg\downloads\tools\cmake-3.30.1-windows\cmake-3.30.1-windows-i386\share\cmake-3.30\Modules\Platform\WindowsPaths.cmake C$:\Users\GREEN\AppData\Local\vcpkg\downloads\tools\cmake-3.30.1-windows\cmake-3.30.1-windows-i386\share\cmake-3.30\Modules\WriteBasicConfigVersionFile.cmake CMakeCache.txt CMakeFiles\3.30.1\CMakeCCompiler.cmake CMakeFiles\3.30.1\CMakeRCCompiler.cmake CMakeFiles\3.30.1\CMakeSystem.cmake
  pool = console


#############################################
# A missing CMake input file is not an error.

build C$:\ASCIIproject\ASC11\vcpkg_installed\vcpkg\blds\utf8proc\src\v2.11.2-a34d266797.clean\CMakeLists.txt C$:\ASCIIproject\ASC11\vcpkg_installed\vcpkg\blds\utf8proc\src\v2.11.2-a34d266797.clean\cmake\utf8proc-config.cmake.in C$:\ASCIIproject\ASC11\vcpkg_installed\vcpkg\blds\utf8proc\src\v2.11.2-a34d266797.clean\libutf8proc.pc.cmakein C$:\ASCIIproject\ASC11\vcpkg_installed\vcpkg\blds\utf8proc\src\v2.11.2-a34d266797.clean\utils.cmake C$:\Program$ Files\Microsoft$ Visual$ Studio\2022\Community\VC\vcpkg\scripts\buildsystems\vcpkg.cmake C$:\Program$ Files\Microsoft$ Visual$ Studio\2022\Community\VC\vcpkg\scripts\toolchains\windows.cmake C$:\Users\GREEN\AppData\Local\vcpkg\downloads\tools\cmake-3.30.1-windows\cmake-3.30.1-windows-i386\share\cmake-3.30\Modules\BasicConfigVersion-SameMajorVersion.cmake.in C$:\Users\GREEN\AppData\Local\vcpkg\downloads\tools\cmake-3.30.1-windows\cmake-3.30.1-windows-i386\share\cmake-3.30\Modules\CMakeCCompiler.cmake.in C$:\Users\GREEN\AppData\Local\vcpkg\downloads\tools\cmake-3.30.1-windows\cmake-3.30.1-windows-i386\share\cmake-3.30\Modules\CMakeCCompilerABI.c C$:\Users\GREEN\AppData\Local\vcpkg\downloads\tools\cmake-3.30.1-windows\cmake-3.30.1-windows-i386\share\cmake-3.30\Modules\CMakeCInformation.cmake C$:\Users\GREEN\AppData\Local\vcpkg\downloads\tools\cmake-3.30.1-windows\cmake-3.30.1-windows-i386\share\cmake-3.30\Modules\CMakeCommonLanguageInclude.cmake C$:\Users\GREEN\AppData\Local\vcpkg\downloads\tools\cmake-3.30.1-windows\cmake-3.30.1-windows-i386\share\cmake-3.30\Modules\CMakeCompilerIdDetection.cmake C$:\Users\GREEN\AppData\Local\vcpkg\downloads\tools\cmake-3.30.1-windows\cmake-3.30.1-windows-i386\share\cmake-3.30\Modules\CMakeDependentOption.cmake C$:\Users\GREEN\AppData\Local\vcpkg\downloads\tools\cmake-3.30.1-windows\cmake-3.30.1-windows-i386\share\cmake-3.30\Modules\CMakeDetermineCCompiler.cmake C$:\Users\GREEN\AppData\Local\vcpkg\downloads\tools\cmake-3.30.1-windows\cmake-3.30.1-windows-i386\share\cmake-3.30\Modules\CMakeDetermineCompiler.cmake C$:\Users\GREEN\AppData\Local\vcpkg\downloads\tools\cmake-3.30.1-windows\cmake-3.30.1-windows-i386\share\cmake-3.30\Modules\CMakeDetermineCompilerABI.cmake C$:\Users\GREEN\AppData\Local\vcpkg\downloads\tools\cmake-3.30.1-windows\cmake-3.30.1-windows-i386\share\cmake-3.30\Modules\CMakeDetermineCompilerId.cmake C$:\Users\GREEN\AppData\Local\vcpkg\downloads\tools\cmake-3.30.1-windows\cmake-3.30.1-windows-i386\share\cmake-3.30\Modules\CMakeDetermineCompilerSupport.cmake C$:\Users\GREEN\AppData\Local\vcpkg\downloads\tools\cmake-3.30.1-windows\cmake-3.30.1-windows-i386\share\cmake-3.30\Modules\CMakeDetermineRCCompiler.cmake C$:\Users\GREEN\AppData\Local\vcpkg\downloads\tools\cmake-3.30.1-windows\cmake-3.30.1-windows-i386\share\cmake-3.30\Modules\CMakeDetermineSystem.cmake C$:\Users\GREEN\AppData\Local\vcpkg\downloads\tools\cmake-3.30.1-windows\cmake-3.30.1-windows-i386\share\cmake-3.30\Modules\CMakeFindBinUtils.cmake C$:\Users\GREEN\AppData\Local\vcpkg\downloads\tools\cmake-3.30.1-windows\cmake-3.30.1-windows-i386\share\cmake-3.30\Modules\CMakeGenericSystem.cmake C$:\Users\GREEN\AppData\Local\vcpkg\downloads\tools\cmake-3.30.1-windows\cmake-3.30.1-windows-i386\share\cmake-3.30\Modules\CMakeInitializeConfigs.cmake C$:\Users\GREEN\AppData\Local\vcpkg\downloads\tools\cmake-3.30.1-windows\cmake-3.30.1-windows-i386\share\cmake-3.30\Modules\CMakeLanguageInformation.cmake C$:\Users\GREEN\AppData\Local\vcpkg\downloads\tools\cmake-3.30.1-windows\cmake-3.30.1-windows-i386\share\cmake-3.30\Modules\CMakePackageConfigHelpers.cmake C$:\Users\GREEN\AppData\Local\vcpkg\downloads\tools\cmake-3.30.1-windows\cmake-3.30.1-windows-i386\share\cmake-3.30\Modules\CMakeParseImplicitIncludeInfo.cmake C$:\Users\GREEN\AppData\Local\vcpkg\downloads\tools\cmake-3.30.1-windows\cmake-3.30.1-windows-i386\share\cmake-3.30\Modules\CMakeParseImplicitLinkInfo.cmake C$:\Users\GREEN\AppData\Local\vcpkg\downloads\tools\cmake-3.30.1-windows\cmake-3.30.1-windows-i386\share\cmake-3.30\Modules\CMakeParseLibraryArchitecture.cmake C$:\Users\GREEN\AppData\Local\vcpkg\downloads\tools\cmake-3.30.1-windows\cmake-3.30.1-windows-i386\share\cmake-3.30\Modules\CMakeRCCompiler.cmake.in C$:\Users\GREEN\AppData\Local\vcpkg\downloads\tools\cmake-3.30.1-windows\cmake-3.30.1-windows-i386\share\cmake-3.30\Modules\CMakeRCInformation.cmake C$:\Users\GREEN\AppData\Local\vcpkg\downloads\tools\cmake-3.30.1-windows\cmake-3.30.1-windows-i386\share\cmake-3.30\Modules\CMakeSystem.cmake.in C$:\Users\GREEN\AppData\Local\vcpkg\downloads\tools\cmake-3.30.1-windows\cmake-3.30.1-windows-i386\share\cmake-3.30\Modules\CMakeSystemSpecificInformation.cmake C$:\Users\GREEN\AppData\Local\vcpkg\downloads\tools\cmake-3.30.1-windows\cmake-3.30.1-windows-i386\share\cmake-3.30\Modules\CMakeSystemSpecificInitialize.cmake C$:\Users\GREEN\AppData\Local\vcpkg\downloads\tools\cmake-3.30.1-windows\cmake-3.30.1-windows-i386\share\cmake-3.30\Modules\CMakeTestCCompiler.cmake C$:\Users\GREEN\AppData\Local\vcpkg\downloads\tools\cmake-3.30.1-windows\cmake-3.30.1-windows-i386\share\cmake-3.30\Modules\CMakeTestCompilerCommon.cmake C$:\Users\GREEN\AppData\Local\vcpkg\downloads\tools\cmake-3.30.1-windows\cmake-3.30.1-windows-i386\share\cmake-3.30\Modules\CMakeTestRCCompiler.cmake C$:\Users\GREEN\AppData\Local\vcpkg\downloads\tools\cmake-3.30.1-windows\cmake-3.30.1-windows-i386\share\cmake-3.30\Modules\Compiler\ADSP-DetermineCompiler.cmake C$:\Users\GREEN\AppData\Local\vcpkg\downloads\tools\cmake-3.30.1-windows\cmake-3.30.1-windows-i386\share\cmake-3.30\Modules\Compiler\ARMCC-DetermineCompiler.cmake C$:\Users\GREEN\AppData\Local\vcpkg\downloads\tools\cmake-3.30.1-windows\cmake-3.30.1-windows-i386\share\cmake-3.30\Modules\Compiler\ARMClang-DetermineCompiler.cmake C$:\Users\GREEN\AppData\Local\vcpkg\downloads\tools\cmake-3.30.1-windows\cmake-3.30.1-windows-i386\share\cmake-3.30\Modules\Compiler\AppleClang-DetermineCompiler.cmake C$:\Users\GREEN\AppData\Local\vcpkg\downloads\tools\cmake-3.30.1-windows\cmake-3.30.1-windows-i386\share\cmake-3.30\Modules\Compiler\Borland-DetermineCompiler.cmake C$:\Users\GREEN\AppData\Local\vcpkg\downloads\tools\cmake-3.30.1-windows\cmake-3.30.1-windows-i386\share\cmake-3.30\Modules\Compiler\Bruce-C-DetermineCompiler.cmake C$:\Users\GREEN\AppData\Local\vcpkg\downloads\tools\cmake-3.30.1-windows\cmake-3.30.1-windows-i386\share\cmake-3.30\Modules\Compiler\CMakeCommonCompilerMacros.cmake C$:\Users\GREEN\AppData\Local\vcpkg\downloads\tools\cmake-3.30.1-windows\cmake-3.30.1-windows-i386\share\cmake-3.30\Modules\Compiler\Clang-DetermineCompiler.cmake C$:\Users\GREEN\AppData\Local\vcpkg\downloads\tools\cmake-3.30.1-windows\cmake-3.30.1-windows-i386\share\cmake-3.30\Modules\Compiler\Clang-DetermineCompilerInternal.cmake C$:\Users\GREEN\AppData\Local\vcpkg\downloads\tools\cmake-3.30.1-windows\cmake-3.30.1-windows-i386\share\cmake-3.30\Modules\Compiler\Compaq-C-DetermineCompiler.cmake C$:\Users\GREEN\AppData\Local\vcpkg\downloads\tools\cmake-3.30.1-windows\cmake-3.30.1-windows-i386\share\cmake-3.30\Modules\Compiler\Cray-DetermineCompiler.cmake C$:\Users\GREEN\AppData\Local\vcpkg\downloads\tools\cmake-3.30.1-windows\cmake-3.30.1-windows-i386\share\cmake-3.30\Modules\Compiler\CrayClang-DetermineCompiler.cmake C$:\Users\GREEN\AppData\Local\vcpkg\downloads\tools\cmake-3.30.1-windows\cmake-3.30.1-windows-i386\share\cmake-3.30\Modules\Compiler\Embarcadero-DetermineCompiler.cmake C$:\Users\GREEN\AppData\Local\vcpkg\downloads\tools\cmake-3.30.1-windows\cmake-3.30.1-windows-i386\share\cmake-3.30\Modules\Compiler\Fujitsu-DetermineCompiler.cmake C$:\Users\GREEN\AppData\Local\vcpkg\downloads\tools\cmake-3.30.1-windows\cmake-3.30.1-windows-i386\share\cmake-3.30\Modules\Compiler\FujitsuClang-DetermineCompiler.cmake C$:\Users\GREEN\AppData\Local\vcpkg\downloads\tools\cmake-3.30.1-windows\cmake-3.30.1-windows-i386\share\cmake-3.30\Modules\Compiler\GHS-DetermineCompiler.cmake C$:\Users\GREEN\AppData\Local\vcpkg\downloads\tools\cmake-3.30.1-windows\cmake-3.30.1-windows-i386\share\cmake-3.30\Modules\Compiler\GNU-C-DetermineCompiler.cmake C$:\Users\GREEN\AppData\Local\vcpkg\downloads\tools\cmake-3.30.1-windows\cmake-3.30.1-windows-i386\share\cmake-3.30\Modules\Compiler\HP-C-DetermineCompiler.cmake C$:\Users\GREEN\AppData\Local\vcpkg\downloads\tools\cmake-3.30.1-windows\cmake-3.30.1-windows-i386\share\cmake-3.30\Modules\Compiler\IAR-DetermineCompiler.cmake C$:\Users\GREEN\AppData\Local\vcpkg\downloads\tools\cmake-3.30.1-windows\cmake-3.30.1-windows-i386\share\cmake-3.30\Modules\Compiler\IBMCPP-C-DetermineVersionInternal.cmake C$:\Users\GREEN\AppData\Local\vcpkg\downloads\tools\cmake-3.30.1-windows\cmake-3.30.1-windows-i386\share\cmake-3.30\Modules\Compiler\IBMClang-C-DetermineCompiler.cmake C$:\Users\GREEN\AppData\Local\vcpkg\downloads\tools\cmake-3.30.1-windows\cmake-3.30.1-windows-i386\share\cmake-3.30\Modules\Compiler\Intel-DetermineCompiler.cmake C$:\Users\GREEN\AppData\Local\vcpkg\downloads\tools\cmake-3.30.1-windows\cmake-3.30.1-windows-i386\share\cmake-3.30\Modules\Compiler\IntelLLVM-DetermineCompiler.cmake C$:\Users\GREEN\AppData\Local\vcpkg\downloads\tools\cmake-3.30.1-windows\cmake-3.30.1-windows-i386\share\cmake-3.30\Modules\Compiler\LCC-C-DetermineCompiler.cmake C$:\Users\GREEN\AppData\Local\vcpkg\downloads\tools\cmake-3.30.1-windows\cmake-3.30.1-windows-i386\share\cmake-3.30\Modules\Compiler\MSVC-C.cmake C$:\Users\GREEN\AppData\Local\vcpkg\downloads\tools\cmake-3.30.1-windows\cmake-3.30.1-windows-i386\share\cmake-3.30\Modules\Compiler\MSVC-DetermineCompiler.cmake C$:\Users\GREEN\AppData\Local\vcpkg\downloads\tools\cmake-3.30.1-windows\cmake-3.30.1-windows-i386\share\cmake-3.30\Modules\Compiler\MSVC.cmake C$:\Users\GREEN\AppData\Local\vcpkg\downloads\tools\cmake-3.30.1-windows\cmake-3.30.1-windows-i386\share\cmake-3.30\Modules\Compiler\NVHPC-DetermineCompiler.cmake C$:\Users\GREEN\AppData\Local\vcpkg\downloads\tools\cmake-3.30.1-windows\cmake-3.30.1-windows-i386\share\cmake-3.30\Modules\Compiler\NVIDIA-DetermineCompiler.cmake C$:\Users\GREEN\AppData\Local\vcpkg\downloads\tools\cmake-3.30.1-windows\cmake-3.30.1-windows-i386\share\cmake-3.30\Modules\Compiler\OpenWatcom-DetermineCompiler.cmake C$:\Users\GREEN\AppData\Local\vcpkg\downloads\tools\cmake-3.30.1-windows\cmake-3.30.1-windows-i386\share\cmake-3.30\Modules\Compiler\OrangeC-DetermineCompiler.cmake C$:\Users\GREEN\AppData\Local\vcpkg\downloads\tools\cmake-3.30.1-windows\cmake-3.30.1-windows-i386\share\cmake-3.30\Modules\Compiler\PGI-DetermineCompiler.cmake C$:\Users\GREEN\AppData\Local\vcpkg\downloads\tools\cmake-3.30.1-windows\cmake-3.30.1-windows-i386\share\cmake-3.30\Modules\Compiler\PathScale-DetermineCompiler.cmake C$:\Users\GREEN\AppData\Local\vcpkg\downloads\tools\cmake-3.30.1-windows\cmake-3.30.1-windows-i386\share\cmake-3.30\Modules\Compiler\SCO-DetermineCompiler.cmake C$:\Users\GREEN\AppData\Local\vcpkg\downloads\tools\cmake-3.30.1-windows\cmake-3.30.1-windows-i386\share\cmake-3.30\Modules\Compiler\SDCC-C-DetermineCompiler.cmake C$:\Users\GREEN\AppData\Local\vcpkg\downloads\tools\cmake-3.30.1-windows\cmake-3.30.1-windows-i386\share\cmake-3.30\Modules\Compiler\SunPro-C-DetermineCompiler.cmake C$:\Users\GREEN\AppData\Local\vcpkg\downloads\tools\cmake-3.30.1-windows\cmake-3.30.1-windows-i386\share\cmake-3.30\Modules\Compiler\TI-DetermineCompiler.cmake C$:\Users\GREEN\AppData\Local\vcpkg\downloads\tools\cmake-3.30.1-windows\cmake-3.30.1-windows-i386\share\cmake-3.30\Modules\Compiler\TIClang-DetermineCompiler.cmake C$:\Users\GREEN\AppData\Local\vcpkg\downloads\tools\cmake-3.30.1-windows\cmake-3.30.1-windows-i386\share\cmake-3.30\Modules\Compiler\Tasking-DetermineCompiler.cmake C$:\Users\GREEN\AppData\Local\vcpkg\downloads\tools\cmake-3.30.1-windows\cmake-3.30.1-windows-i386\share\cmake-3.30\Modules\Compiler\TinyCC-C-DetermineCompiler.cmake C$:\Users\GREEN\AppData\Local\vcpkg\downloads\tools\cmake-3.30.1-windows\cmake-3.30.1-windows-i386\share\cmake-3.30\Modules\Compiler\VisualAge-C-DetermineCompiler.cmake C$:\Users\GREEN\AppData\Local\vcpkg\downloads\tools\cmake-3.30.1-windows\cmake-3.30.1-windows-i386\share\cmake-3.30\Modules\Compiler\Watcom-DetermineCompiler.cmake C$:\Users\GREEN\AppData\Local\vcpkg\downloads\tools\cmake-3.30.1-windows\cmake-3.30.1-windows-i386\share\cmake-3.30\Modules\Compiler\XL-C-DetermineCompiler.cmake C$:\Users\GREEN\AppData\Local\vcpkg\downloads\tools\cmake-3.30.1-windows\cmake-3.30.1-windows-i386\share\cmake-3.30\Modules\Compiler\XLClang-C-DetermineCompiler.cmake C$:\Users\GREEN\AppData\Local\vcpkg\downloads\tools\cmake-3.30.1-windows\cmake-3.30.1-windows-i386\share\cmake-3.30\Modules\Compiler\zOS-C-DetermineCompiler.cmake C$:\Users\GREEN\AppData\Local\vcpkg\downloads\tools\cmake-3.30.1-windows\cmake-3.30.1-windows-i386\share\cmake-3.30\Modules\GNUInstallDirs.cmake C$:\Users\GREEN\AppData\Local\vcpkg\downloads\tools\cmake-3.30.1-windows\cmake-3.30.1-windows-i386\share\cmake-3.30\Modules\Internal\CMakeDetermineLinkerId.cmake C$:\Users\GREEN\AppData\Local\vcpkg\downloads\tools\cmake-3.30.1-windows\cmake-3.30.1-windows-i386\share\cmake-3.30\Modules\Internal\FeatureTesting.cmake C$:\Users\GREEN\AppData\Local\vcpkg\downloads\tools\cmake-3.30.1-windows\cmake-3.30.1-windows-i386\share\cmake-3.30\Modules\Platform\Windows-Initialize.cmake C$:\Users\GREEN\AppData\Local\vcpkg\downloads\tools\cmake-3.30.1-windows\cmake-3.30.1-windows-i386\share\cmake-3.30\Modules\Platform\Windows-MSVC-C.cmake C$:\Users\GREEN\AppData\Local\vcpkg\downloads\tools\cmake-3.30.1-windows\cmake-3.30.1-windows-i386\share\cmake-3.30\Modules\Platform\Windows-MSVC.cmake C$:\Users\GREEN\AppData\Local\vcpkg\downloads\tools\cmake-3.30.1-windows\cmake-3.30.1-windows-i386\share\cmake-3.30\Modules\Platform\Windows.cmake C$:\Users\GREEN\AppData\Local\vcpkg\downloads\tools\cmake-3.30.1-windows\cmake-3.30.1-windows-i386\share\cmake-3.30\Modules\Platform\WindowsPaths.cmake C$:\Users\GREEN\AppData\Local\vcpkg\downloads\tools\cmake-3.30.1-windows\cmake-3.30.1-windows-i386\share\cmake-3.30\Modules\WriteBasicConfigVersionFile.cmake CMakeCache.txt CMakeFiles\3.30.1\CMakeCCompiler.cmake CMakeFiles\3.30.1\CMakeRCCompiler.cmake CMakeFiles\3.30.1\CMakeSystem.cmake: phony


#############################################
# Clean all the built files.

build clean: CLEAN


#############################################
# Print all primary targets available.

build help: HELP


#############################################
# Make the all target the default.

default all
